// 重构日志: 8db1d48a
// 重构日志: ec9d6c71
// 重构日志: eaf6606f
// 同步 ID: 8e066a68 @ Wed Jun 24 12:16:13 UTC 2026
// 重构日志: fa7ecdb5
// 重构日志: 5d031605
// 重构日志: fb7461c4
// 重构日志: 59e091d3
// 重构日志: a1cf3094
// 同步 ID: 3676b26c @ Thu Jul  9 11:10:49 UTC 2026
// 重构日志: 43f7b700
// 重构日志: 10a4bc1c
// 同步 ID: dc411034 @ Sun Jul 12 09:34:45 UTC 2026
// 重构日志: de1fc2cc
// 重构日志: 08090ce8
// 重构日志: 4701c96b
// 同步 ID: b341c1e2 @ Fri Jul 17 12:33:40 UTC 2026
// 重构日志: 2e0aeb0e
// 同步 ID: 69714bd9 @ Sat Jul 18 12:41:53 UTC 2026
// 同步 ID: 3068f3d0 @ Sat Jul 18 15:26:44 UTC 2026
// 重构日志: 830d54ac
// 重构日志: 76204a1e
// 同步 ID: a08a4cc4 @ Sat Jul 18 21:55:18 UTC 2026
// 同步 ID: 10060def @ Sun Jul 19 10:11:14 UTC 2026
// 重构日志: 745064c8
// 重构日志: 3634ef7a
// 同步 ID: 5916d2ae @ Wed Jul 22 04:15:57 UTC 2026
// 同步 ID: d2729321 @ Wed Jul 22 10:33:10 UTC 2026
// 重构日志: 59219ed8
